The system is: Darwin - 15.6.0 - x86_64
Compiling the CXX compiler identification source file "CMakeCXXCompilerId.cpp" succeeded.
Compiler: /usr/local/Cellar/llvm/4.0.0_1/bin/clang++ 
Build flags: 
Id flags:  

The output was:
0


Compilation of the CXX compiler identification source "CMakeCXXCompilerId.cpp" produced "a.out"

The CXX compiler identification is Clang, found in "/Users/dy/nlp-cuda/cmake-build-release/CMakeFiles/3.9.4/CompilerIdCXX/a.out"

Determining if the CXX compiler works passed with the following output:
Change Dir: /Users/dy/nlp-cuda/cmake-build-release/CMakeFiles/CMakeTmp

Run Build Command:"/usr/bin/make" "cmTC_e887b/fast"
/Applications/Xcode.app/Contents/Developer/usr/bin/make -f CMakeFiles/cmTC_e887b.dir/build.make CMakeFiles/cmTC_e887b.dir/build
Building CXX object CMakeFiles/cmTC_e887b.dir/testCXXCompiler.cxx.o
/usr/local/Cellar/llvm/4.0.0_1/bin/clang++     -o CMakeFiles/cmTC_e887b.dir/testCXXCompiler.cxx.o -c /Users/dy/nlp-cuda/cmake-build-release/CMakeFiles/CMakeTmp/testCXXCompiler.cxx
Linking CXX executable cmTC_e887b
"/Users/dy/Library/Application Support/JetBrains/Toolbox/apps/CLion/ch-0/173.3727.114/CLion.app/Contents/bin/cmake/bin/cmake" -E cmake_link_script CMakeFiles/cmTC_e887b.dir/link.txt --verbose=1
/usr/local/Cellar/llvm/4.0.0_1/bin/clang++    -Wl,-search_paths_first -Wl,-headerpad_max_install_names   CMakeFiles/cmTC_e887b.dir/testCXXCompiler.cxx.o  -o cmTC_e887b 


Detecting CXX compiler ABI info compiled with the following output:
Change Dir: /Users/dy/nlp-cuda/cmake-build-release/CMakeFiles/CMakeTmp

Run Build Command:"/usr/bin/make" "cmTC_7db9b/fast"
/Applications/Xcode.app/Contents/Developer/usr/bin/make -f CMakeFiles/cmTC_7db9b.dir/build.make CMakeFiles/cmTC_7db9b.dir/build
Building CXX object CMakeFiles/cmTC_7db9b.dir/CMakeCXXCompilerABI.cpp.o
/usr/local/Cellar/llvm/4.0.0_1/bin/clang++     -o CMakeFiles/cmTC_7db9b.dir/CMakeCXXCompilerABI.cpp.o -c "/Users/dy/Library/Application Support/JetBrains/Toolbox/apps/CLion/ch-0/173.3727.114/CLion.app/Contents/bin/cmake/share/cmake-3.9/Modules/CMakeCXXCompilerABI.cpp"
Linking CXX executable cmTC_7db9b
"/Users/dy/Library/Application Support/JetBrains/Toolbox/apps/CLion/ch-0/173.3727.114/CLion.app/Contents/bin/cmake/bin/cmake" -E cmake_link_script CMakeFiles/cmTC_7db9b.dir/link.txt --verbose=1
/usr/local/Cellar/llvm/4.0.0_1/bin/clang++    -Wl,-search_paths_first -Wl,-headerpad_max_install_names  -v -Wl,-v CMakeFiles/cmTC_7db9b.dir/CMakeCXXCompilerABI.cpp.o  -o cmTC_7db9b 
clang version 4.0.0 (tags/RELEASE_400/final)
Target: x86_64-apple-darwin15.6.0
Thread model: posix
InstalledDir: /usr/local/Cellar/llvm/4.0.0_1/bin
Found CUDA installation: /usr/local/cuda, version 8.0
 "/usr/bin/ld" -demangle -lto_library /usr/local/Cellar/llvm/4.0.0_1/lib/libLTO.dylib -dynamic -arch x86_64 -macosx_version_min 10.11.0 -o cmTC_7db9b -search_paths_first -headerpad_max_install_names -v CMakeFiles/cmTC_7db9b.dir/CMakeCXXCompilerABI.cpp.o -lc++ -lSystem /usr/local/Cellar/llvm/4.0.0_1/bin/../lib/clang/4.0.0/lib/darwin/libclang_rt.osx.a
@(#)PROGRAM:ld  PROJECT:ld64-274.2
configured to support archs: armv6 armv7 armv7s arm64 i386 x86_64 x86_64h armv6m armv7k armv7m armv7em (tvOS)
Library search paths:
	/usr/lib
	/usr/local/lib
Framework search paths:
	/Library/Frameworks/
	/System/Library/Frameworks/


Parsed CXX implicit link information from above output:
  link line regex: [^( *|.*[/\])(ld|CMAKE_LINK_STARTFILE-NOTFOUND|([^/\]+-)?ld|collect2)[^/\]*( |$)]
  ignore line: [Change Dir: /Users/dy/nlp-cuda/cmake-build-release/CMakeFiles/CMakeTmp]
  ignore line: []
  ignore line: [Run Build Command:"/usr/bin/make" "cmTC_7db9b/fast"]
  ignore line: [/Applications/Xcode.app/Contents/Developer/usr/bin/make -f CMakeFiles/cmTC_7db9b.dir/build.make CMakeFiles/cmTC_7db9b.dir/build]
  ignore line: [Building CXX object CMakeFiles/cmTC_7db9b.dir/CMakeCXXCompilerABI.cpp.o]
  ignore line: [/usr/local/Cellar/llvm/4.0.0_1/bin/clang++     -o CMakeFiles/cmTC_7db9b.dir/CMakeCXXCompilerABI.cpp.o -c "/Users/dy/Library/Application Support/JetBrains/Toolbox/apps/CLion/ch-0/173.3727.114/CLion.app/Contents/bin/cmake/share/cmake-3.9/Modules/CMakeCXXCompilerABI.cpp"]
  ignore line: [Linking CXX executable cmTC_7db9b]
  ignore line: ["/Users/dy/Library/Application Support/JetBrains/Toolbox/apps/CLion/ch-0/173.3727.114/CLion.app/Contents/bin/cmake/bin/cmake" -E cmake_link_script CMakeFiles/cmTC_7db9b.dir/link.txt --verbose=1]
  ignore line: [/usr/local/Cellar/llvm/4.0.0_1/bin/clang++    -Wl,-search_paths_first -Wl,-headerpad_max_install_names  -v -Wl,-v CMakeFiles/cmTC_7db9b.dir/CMakeCXXCompilerABI.cpp.o  -o cmTC_7db9b ]
  ignore line: [clang version 4.0.0 (tags/RELEASE_400/final)]
  ignore line: [Target: x86_64-apple-darwin15.6.0]
  ignore line: [Thread model: posix]
  ignore line: [InstalledDir: /usr/local/Cellar/llvm/4.0.0_1/bin]
  ignore line: [Found CUDA installation: /usr/local/cuda, version 8.0]
  link line: [ "/usr/bin/ld" -demangle -lto_library /usr/local/Cellar/llvm/4.0.0_1/lib/libLTO.dylib -dynamic -arch x86_64 -macosx_version_min 10.11.0 -o cmTC_7db9b -search_paths_first -headerpad_max_install_names -v CMakeFiles/cmTC_7db9b.dir/CMakeCXXCompilerABI.cpp.o -lc++ -lSystem /usr/local/Cellar/llvm/4.0.0_1/bin/../lib/clang/4.0.0/lib/darwin/libclang_rt.osx.a]
    arg [/usr/bin/ld] ==> ignore
    arg [-demangle] ==> ignore
    arg [-lto_library] ==> ignore, skip following value
    arg [/usr/local/Cellar/llvm/4.0.0_1/lib/libLTO.dylib] ==> skip value of -lto_library
    arg [-dynamic] ==> ignore
    arg [-arch] ==> ignore
    arg [x86_64] ==> ignore
    arg [-macosx_version_min] ==> ignore
    arg [10.11.0] ==> ignore
    arg [-o] ==> ignore
    arg [cmTC_7db9b] ==> ignore
    arg [-search_paths_first] ==> ignore
    arg [-headerpad_max_install_names] ==> ignore
    arg [-v] ==> ignore
    arg [CMakeFiles/cmTC_7db9b.dir/CMakeCXXCompilerABI.cpp.o] ==> ignore
    arg [-lc++] ==> lib [c++]
    arg [-lSystem] ==> lib [System]
    arg [/usr/local/Cellar/llvm/4.0.0_1/bin/../lib/clang/4.0.0/lib/darwin/libclang_rt.osx.a] ==> lib [/usr/local/Cellar/llvm/4.0.0_1/bin/../lib/clang/4.0.0/lib/darwin/libclang_rt.osx.a]
  Library search paths: [;/usr/lib;/usr/local/lib]
  Framework search paths: [;/Library/Frameworks/;/System/Library/Frameworks/]
  remove lib [System]
  remove lib [/usr/local/Cellar/llvm/4.0.0_1/bin/../lib/clang/4.0.0/lib/darwin/libclang_rt.osx.a]
  collapse library dir [/usr/lib] ==> [/usr/lib]
  collapse library dir [/usr/local/lib] ==> [/usr/local/lib]
  collapse framework dir [/Library/Frameworks/] ==> [/Library/Frameworks]
  collapse framework dir [/System/Library/Frameworks/] ==> [/System/Library/Frameworks]
  implicit libs: [c++]
  implicit dirs: [/usr/lib;/usr/local/lib]
  implicit fwks: [/Library/Frameworks;/System/Library/Frameworks]




Detecting CXX [-std=c++1z] compiler features compiled with the following output:
Change Dir: /Users/dy/nlp-cuda/cmake-build-release/CMakeFiles/CMakeTmp

Run Build Command:"/usr/bin/make" "cmTC_28dce/fast"
/Applications/Xcode.app/Contents/Developer/usr/bin/make -f CMakeFiles/cmTC_28dce.dir/build.make CMakeFiles/cmTC_28dce.dir/build
Building CXX object CMakeFiles/cmTC_28dce.dir/feature_tests.cxx.o
/usr/local/Cellar/llvm/4.0.0_1/bin/clang++    -std=c++1z -o CMakeFiles/cmTC_28dce.dir/feature_tests.cxx.o -c /Users/dy/nlp-cuda/cmake-build-release/CMakeFiles/feature_tests.cxx
Linking CXX executable cmTC_28dce
"/Users/dy/Library/Application Support/JetBrains/Toolbox/apps/CLion/ch-0/173.3727.114/CLion.app/Contents/bin/cmake/bin/cmake" -E cmake_link_script CMakeFiles/cmTC_28dce.dir/link.txt --verbose=1
/usr/local/Cellar/llvm/4.0.0_1/bin/clang++    -Wl,-search_paths_first -Wl,-headerpad_max_install_names   CMakeFiles/cmTC_28dce.dir/feature_tests.cxx.o  -o cmTC_28dce 


    Feature record: CXX_FEATURE:1cxx_aggregate_default_initializers
    Feature record: CXX_FEATURE:1cxx_alias_templates
    Feature record: CXX_FEATURE:1cxx_alignas
    Feature record: CXX_FEATURE:1cxx_alignof
    Feature record: CXX_FEATURE:1cxx_attributes
    Feature record: CXX_FEATURE:1cxx_attribute_deprecated
    Feature record: CXX_FEATURE:1cxx_auto_type
    Feature record: CXX_FEATURE:1cxx_binary_literals
    Feature record: CXX_FEATURE:1cxx_constexpr
    Feature record: CXX_FEATURE:1cxx_contextual_conversions
    Feature record: CXX_FEATURE:1cxx_decltype
    Feature record: CXX_FEATURE:1cxx_decltype_auto
    Feature record: CXX_FEATURE:1cxx_decltype_incomplete_return_types
    Feature record: CXX_FEATURE:1cxx_default_function_template_args
    Feature record: CXX_FEATURE:1cxx_defaulted_functions
    Feature record: CXX_FEATURE:1cxx_defaulted_move_initializers
    Feature record: CXX_FEATURE:1cxx_delegating_constructors
    Feature record: CXX_FEATURE:1cxx_deleted_functions
    Feature record: CXX_FEATURE:1cxx_digit_separators
    Feature record: CXX_FEATURE:1cxx_enum_forward_declarations
    Feature record: CXX_FEATURE:1cxx_explicit_conversions
    Feature record: CXX_FEATURE:1cxx_extended_friend_declarations
    Feature record: CXX_FEATURE:1cxx_extern_templates
    Feature record: CXX_FEATURE:1cxx_final
    Feature record: CXX_FEATURE:1cxx_func_identifier
    Feature record: CXX_FEATURE:1cxx_generalized_initializers
    Feature record: CXX_FEATURE:1cxx_generic_lambdas
    Feature record: CXX_FEATURE:1cxx_inheriting_constructors
    Feature record: CXX_FEATURE:1cxx_inline_namespaces
    Feature record: CXX_FEATURE:1cxx_lambdas
    Feature record: CXX_FEATURE:1cxx_lambda_init_captures
    Feature record: CXX_FEATURE:1cxx_local_type_template_args
    Feature record: CXX_FEATURE:1cxx_long_long_type
    Feature record: CXX_FEATURE:1cxx_noexcept
    Feature record: CXX_FEATURE:1cxx_nonstatic_member_init
    Feature record: CXX_FEATURE:1cxx_nullptr
    Feature record: CXX_FEATURE:1cxx_override
    Feature record: CXX_FEATURE:1cxx_range_for
    Feature record: CXX_FEATURE:1cxx_raw_string_literals
    Feature record: CXX_FEATURE:1cxx_reference_qualified_functions
    Feature record: CXX_FEATURE:1cxx_relaxed_constexpr
    Feature record: CXX_FEATURE:1cxx_return_type_deduction
    Feature record: CXX_FEATURE:1cxx_right_angle_brackets
    Feature record: CXX_FEATURE:1cxx_rvalue_references
    Feature record: CXX_FEATURE:1cxx_sizeof_member
    Feature record: CXX_FEATURE:1cxx_static_assert
    Feature record: CXX_FEATURE:1cxx_strong_enums
    Feature record: CXX_FEATURE:1cxx_template_template_parameters
    Feature record: CXX_FEATURE:1cxx_thread_local
    Feature record: CXX_FEATURE:1cxx_trailing_return_types
    Feature record: CXX_FEATURE:1cxx_unicode_literals
    Feature record: CXX_FEATURE:1cxx_uniform_initialization
    Feature record: CXX_FEATURE:1cxx_unrestricted_unions
    Feature record: CXX_FEATURE:1cxx_user_literals
    Feature record: CXX_FEATURE:1cxx_variable_templates
    Feature record: CXX_FEATURE:1cxx_variadic_macros
    Feature record: CXX_FEATURE:1cxx_variadic_templates


Detecting CXX [-std=c++14] compiler features compiled with the following output:
Change Dir: /Users/dy/nlp-cuda/cmake-build-release/CMakeFiles/CMakeTmp

Run Build Command:"/usr/bin/make" "cmTC_d4b92/fast"
/Applications/Xcode.app/Contents/Developer/usr/bin/make -f CMakeFiles/cmTC_d4b92.dir/build.make CMakeFiles/cmTC_d4b92.dir/build
Building CXX object CMakeFiles/cmTC_d4b92.dir/feature_tests.cxx.o
/usr/local/Cellar/llvm/4.0.0_1/bin/clang++    -std=c++14 -o CMakeFiles/cmTC_d4b92.dir/feature_tests.cxx.o -c /Users/dy/nlp-cuda/cmake-build-release/CMakeFiles/feature_tests.cxx
Linking CXX executable cmTC_d4b92
"/Users/dy/Library/Application Support/JetBrains/Toolbox/apps/CLion/ch-0/173.3727.114/CLion.app/Contents/bin/cmake/bin/cmake" -E cmake_link_script CMakeFiles/cmTC_d4b92.dir/link.txt --verbose=1
/usr/local/Cellar/llvm/4.0.0_1/bin/clang++    -Wl,-search_paths_first -Wl,-headerpad_max_install_names   CMakeFiles/cmTC_d4b92.dir/feature_tests.cxx.o  -o cmTC_d4b92 


    Feature record: CXX_FEATURE:1cxx_aggregate_default_initializers
    Feature record: CXX_FEATURE:1cxx_alias_templates
    Feature record: CXX_FEATURE:1cxx_alignas
    Feature record: CXX_FEATURE:1cxx_alignof
    Feature record: CXX_FEATURE:1cxx_attributes
    Feature record: CXX_FEATURE:1cxx_attribute_deprecated
    Feature record: CXX_FEATURE:1cxx_auto_type
    Feature record: CXX_FEATURE:1cxx_binary_literals
    Feature record: CXX_FEATURE:1cxx_constexpr
    Feature record: CXX_FEATURE:1cxx_contextual_conversions
    Feature record: CXX_FEATURE:1cxx_decltype
    Feature record: CXX_FEATURE:1cxx_decltype_auto
    Feature record: CXX_FEATURE:1cxx_decltype_incomplete_return_types
    Feature record: CXX_FEATURE:1cxx_default_function_template_args
    Feature record: CXX_FEATURE:1cxx_defaulted_functions
    Feature record: CXX_FEATURE:1cxx_defaulted_move_initializers
    Feature record: CXX_FEATURE:1cxx_delegating_constructors
    Feature record: CXX_FEATURE:1cxx_deleted_functions
    Feature record: CXX_FEATURE:1cxx_digit_separators
    Feature record: CXX_FEATURE:1cxx_enum_forward_declarations
    Feature record: CXX_FEATURE:1cxx_explicit_conversions
    Feature record: CXX_FEATURE:1cxx_extended_friend_declarations
    Feature record: CXX_FEATURE:1cxx_extern_templates
    Feature record: CXX_FEATURE:1cxx_final
    Feature record: CXX_FEATURE:1cxx_func_identifier
    Feature record: CXX_FEATURE:1cxx_generalized_initializers
    Feature record: CXX_FEATURE:1cxx_generic_lambdas
    Feature record: CXX_FEATURE:1cxx_inheriting_constructors
    Feature record: CXX_FEATURE:1cxx_inline_namespaces
    Feature record: CXX_FEATURE:1cxx_lambdas
    Feature record: CXX_FEATURE:1cxx_lambda_init_captures
    Feature record: CXX_FEATURE:1cxx_local_type_template_args
    Feature record: CXX_FEATURE:1cxx_long_long_type
    Feature record: CXX_FEATURE:1cxx_noexcept
    Feature record: CXX_FEATURE:1cxx_nonstatic_member_init
    Feature record: CXX_FEATURE:1cxx_nullptr
    Feature record: CXX_FEATURE:1cxx_override
    Feature record: CXX_FEATURE:1cxx_range_for
    Feature record: CXX_FEATURE:1cxx_raw_string_literals
    Feature record: CXX_FEATURE:1cxx_reference_qualified_functions
    Feature record: CXX_FEATURE:1cxx_relaxed_constexpr
    Feature record: CXX_FEATURE:1cxx_return_type_deduction
    Feature record: CXX_FEATURE:1cxx_right_angle_brackets
    Feature record: CXX_FEATURE:1cxx_rvalue_references
    Feature record: CXX_FEATURE:1cxx_sizeof_member
    Feature record: CXX_FEATURE:1cxx_static_assert
    Feature record: CXX_FEATURE:1cxx_strong_enums
    Feature record: CXX_FEATURE:1cxx_template_template_parameters
    Feature record: CXX_FEATURE:1cxx_thread_local
    Feature record: CXX_FEATURE:1cxx_trailing_return_types
    Feature record: CXX_FEATURE:1cxx_unicode_literals
    Feature record: CXX_FEATURE:1cxx_uniform_initialization
    Feature record: CXX_FEATURE:1cxx_unrestricted_unions
    Feature record: CXX_FEATURE:1cxx_user_literals
    Feature record: CXX_FEATURE:1cxx_variable_templates
    Feature record: CXX_FEATURE:1cxx_variadic_macros
    Feature record: CXX_FEATURE:1cxx_variadic_templates


Detecting CXX [-std=c++11] compiler features compiled with the following output:
Change Dir: /Users/dy/nlp-cuda/cmake-build-release/CMakeFiles/CMakeTmp

Run Build Command:"/usr/bin/make" "cmTC_1bb7e/fast"
/Applications/Xcode.app/Contents/Developer/usr/bin/make -f CMakeFiles/cmTC_1bb7e.dir/build.make CMakeFiles/cmTC_1bb7e.dir/build
Building CXX object CMakeFiles/cmTC_1bb7e.dir/feature_tests.cxx.o
/usr/local/Cellar/llvm/4.0.0_1/bin/clang++    -std=c++11 -o CMakeFiles/cmTC_1bb7e.dir/feature_tests.cxx.o -c /Users/dy/nlp-cuda/cmake-build-release/CMakeFiles/feature_tests.cxx
Linking CXX executable cmTC_1bb7e
"/Users/dy/Library/Application Support/JetBrains/Toolbox/apps/CLion/ch-0/173.3727.114/CLion.app/Contents/bin/cmake/bin/cmake" -E cmake_link_script CMakeFiles/cmTC_1bb7e.dir/link.txt --verbose=1
/usr/local/Cellar/llvm/4.0.0_1/bin/clang++    -Wl,-search_paths_first -Wl,-headerpad_max_install_names   CMakeFiles/cmTC_1bb7e.dir/feature_tests.cxx.o  -o cmTC_1bb7e 


    Feature record: CXX_FEATURE:0cxx_aggregate_default_initializers
    Feature record: CXX_FEATURE:1cxx_alias_templates
    Feature record: CXX_FEATURE:1cxx_alignas
    Feature record: CXX_FEATURE:1cxx_alignof
    Feature record: CXX_FEATURE:1cxx_attributes
    Feature record: CXX_FEATURE:0cxx_attribute_deprecated
    Feature record: CXX_FEATURE:1cxx_auto_type
    Feature record: CXX_FEATURE:0cxx_binary_literals
    Feature record: CXX_FEATURE:1cxx_constexpr
    Feature record: CXX_FEATURE:0cxx_contextual_conversions
    Feature record: CXX_FEATURE:1cxx_decltype
    Feature record: CXX_FEATURE:0cxx_decltype_auto
    Feature record: CXX_FEATURE:1cxx_decltype_incomplete_return_types
    Feature record: CXX_FEATURE:1cxx_default_function_template_args
    Feature record: CXX_FEATURE:1cxx_defaulted_functions
    Feature record: CXX_FEATURE:1cxx_defaulted_move_initializers
    Feature record: CXX_FEATURE:1cxx_delegating_constructors
    Feature record: CXX_FEATURE:1cxx_deleted_functions
    Feature record: CXX_FEATURE:0cxx_digit_separators
    Feature record: CXX_FEATURE:1cxx_enum_forward_declarations
    Feature record: CXX_FEATURE:1cxx_explicit_conversions
    Feature record: CXX_FEATURE:1cxx_extended_friend_declarations
    Feature record: CXX_FEATURE:1cxx_extern_templates
    Feature record: CXX_FEATURE:1cxx_final
    Feature record: CXX_FEATURE:1cxx_func_identifier
    Feature record: CXX_FEATURE:1cxx_generalized_initializers
    Feature record: CXX_FEATURE:0cxx_generic_lambdas
    Feature record: CXX_FEATURE:1cxx_inheriting_constructors
    Feature record: CXX_FEATURE:1cxx_inline_namespaces
    Feature record: CXX_FEATURE:1cxx_lambdas
    Feature record: CXX_FEATURE:0cxx_lambda_init_captures
    Feature record: CXX_FEATURE:1cxx_local_type_template_args
    Feature record: CXX_FEATURE:1cxx_long_long_type
    Feature record: CXX_FEATURE:1cxx_noexcept
    Feature record: CXX_FEATURE:1cxx_nonstatic_member_init
    Feature record: CXX_FEATURE:1cxx_nullptr
    Feature record: CXX_FEATURE:1cxx_override
    Feature record: CXX_FEATURE:1cxx_range_for
    Feature record: CXX_FEATURE:1cxx_raw_string_literals
    Feature record: CXX_FEATURE:1cxx_reference_qualified_functions
    Feature record: CXX_FEATURE:0cxx_relaxed_constexpr
    Feature record: CXX_FEATURE:0cxx_return_type_deduction
    Feature record: CXX_FEATURE:1cxx_right_angle_brackets
    Feature record: CXX_FEATURE:1cxx_rvalue_references
    Feature record: CXX_FEATURE:1cxx_sizeof_member
    Feature record: CXX_FEATURE:1cxx_static_assert
    Feature record: CXX_FEATURE:1cxx_strong_enums
    Feature record: CXX_FEATURE:1cxx_template_template_parameters
    Feature record: CXX_FEATURE:1cxx_thread_local
    Feature record: CXX_FEATURE:1cxx_trailing_return_types
    Feature record: CXX_FEATURE:1cxx_unicode_literals
    Feature record: CXX_FEATURE:1cxx_uniform_initialization
    Feature record: CXX_FEATURE:1cxx_unrestricted_unions
    Feature record: CXX_FEATURE:1cxx_user_literals
    Feature record: CXX_FEATURE:0cxx_variable_templates
    Feature record: CXX_FEATURE:1cxx_variadic_macros
    Feature record: CXX_FEATURE:1cxx_variadic_templates


Detecting CXX [-std=c++98] compiler features compiled with the following output:
Change Dir: /Users/dy/nlp-cuda/cmake-build-release/CMakeFiles/CMakeTmp

Run Build Command:"/usr/bin/make" "cmTC_af136/fast"
/Applications/Xcode.app/Contents/Developer/usr/bin/make -f CMakeFiles/cmTC_af136.dir/build.make CMakeFiles/cmTC_af136.dir/build
Building CXX object CMakeFiles/cmTC_af136.dir/feature_tests.cxx.o
/usr/local/Cellar/llvm/4.0.0_1/bin/clang++    -std=c++98 -o CMakeFiles/cmTC_af136.dir/feature_tests.cxx.o -c /Users/dy/nlp-cuda/cmake-build-release/CMakeFiles/feature_tests.cxx
Linking CXX executable cmTC_af136
"/Users/dy/Library/Application Support/JetBrains/Toolbox/apps/CLion/ch-0/173.3727.114/CLion.app/Contents/bin/cmake/bin/cmake" -E cmake_link_script CMakeFiles/cmTC_af136.dir/link.txt --verbose=1
/usr/local/Cellar/llvm/4.0.0_1/bin/clang++    -Wl,-search_paths_first -Wl,-headerpad_max_install_names   CMakeFiles/cmTC_af136.dir/feature_tests.cxx.o  -o cmTC_af136 


    Feature record: CXX_FEATURE:0cxx_aggregate_default_initializers
    Feature record: CXX_FEATURE:0cxx_alias_templates
    Feature record: CXX_FEATURE:0cxx_alignas
    Feature record: CXX_FEATURE:0cxx_alignof
    Feature record: CXX_FEATURE:0cxx_attributes
    Feature record: CXX_FEATURE:0cxx_attribute_deprecated
    Feature record: CXX_FEATURE:0cxx_auto_type
    Feature record: CXX_FEATURE:0cxx_binary_literals
    Feature record: CXX_FEATURE:0cxx_constexpr
    Feature record: CXX_FEATURE:0cxx_contextual_conversions
    Feature record: CXX_FEATURE:0cxx_decltype
    Feature record: CXX_FEATURE:0cxx_decltype_auto
    Feature record: CXX_FEATURE:0cxx_decltype_incomplete_return_types
    Feature record: CXX_FEATURE:0cxx_default_function_template_args
    Feature record: CXX_FEATURE:0cxx_defaulted_functions
    Feature record: CXX_FEATURE:0cxx_defaulted_move_initializers
    Feature record: CXX_FEATURE:0cxx_delegating_constructors
    Feature record: CXX_FEATURE:0cxx_deleted_functions
    Feature record: CXX_FEATURE:0cxx_digit_separators
    Feature record: CXX_FEATURE:0cxx_enum_forward_declarations
    Feature record: CXX_FEATURE:0cxx_explicit_conversions
    Feature record: CXX_FEATURE:0cxx_extended_friend_declarations
    Feature record: CXX_FEATURE:0cxx_extern_templates
    Feature record: CXX_FEATURE:0cxx_final
    Feature record: CXX_FEATURE:0cxx_func_identifier
    Feature record: CXX_FEATURE:0cxx_generalized_initializers
    Feature record: CXX_FEATURE:0cxx_generic_lambdas
    Feature record: CXX_FEATURE:0cxx_inheriting_constructors
    Feature record: CXX_FEATURE:0cxx_inline_namespaces
    Feature record: CXX_FEATURE:0cxx_lambdas
    Feature record: CXX_FEATURE:0cxx_lambda_init_captures
    Feature record: CXX_FEATURE:0cxx_local_type_template_args
    Feature record: CXX_FEATURE:0cxx_long_long_type
    Feature record: CXX_FEATURE:0cxx_noexcept
    Feature record: CXX_FEATURE:0cxx_nonstatic_member_init
    Feature record: CXX_FEATURE:0cxx_nullptr
    Feature record: CXX_FEATURE:0cxx_override
    Feature record: CXX_FEATURE:0cxx_range_for
    Feature record: CXX_FEATURE:0cxx_raw_string_literals
    Feature record: CXX_FEATURE:0cxx_reference_qualified_functions
    Feature record: CXX_FEATURE:0cxx_relaxed_constexpr
    Feature record: CXX_FEATURE:0cxx_return_type_deduction
    Feature record: CXX_FEATURE:0cxx_right_angle_brackets
    Feature record: CXX_FEATURE:0cxx_rvalue_references
    Feature record: CXX_FEATURE:0cxx_sizeof_member
    Feature record: CXX_FEATURE:0cxx_static_assert
    Feature record: CXX_FEATURE:0cxx_strong_enums
    Feature record: CXX_FEATURE:1cxx_template_template_parameters
    Feature record: CXX_FEATURE:0cxx_thread_local
    Feature record: CXX_FEATURE:0cxx_trailing_return_types
    Feature record: CXX_FEATURE:0cxx_unicode_literals
    Feature record: CXX_FEATURE:0cxx_uniform_initialization
    Feature record: CXX_FEATURE:0cxx_unrestricted_unions
    Feature record: CXX_FEATURE:0cxx_user_literals
    Feature record: CXX_FEATURE:0cxx_variable_templates
    Feature record: CXX_FEATURE:0cxx_variadic_macros
    Feature record: CXX_FEATURE:0cxx_variadic_templates
Determining if the include file pthread.h exists passed with the following output:
Change Dir: /Users/dy/nlp-cuda/cmake-build-release/CMakeFiles/CMakeTmp

Run Build Command:"/usr/bin/make" "cmTC_6eca4/fast"
/Applications/Xcode.app/Contents/Developer/usr/bin/make -f CMakeFiles/cmTC_6eca4.dir/build.make CMakeFiles/cmTC_6eca4.dir/build
Building CXX object CMakeFiles/cmTC_6eca4.dir/CheckIncludeFile.cxx.o
/usr/local/Cellar/llvm/4.0.0_1/bin/clang++     -o CMakeFiles/cmTC_6eca4.dir/CheckIncludeFile.cxx.o -c /Users/dy/nlp-cuda/cmake-build-release/CMakeFiles/CMakeTmp/CheckIncludeFile.cxx
Linking CXX executable cmTC_6eca4
"/Users/dy/Library/Application Support/JetBrains/Toolbox/apps/CLion/ch-0/173.3727.114/CLion.app/Contents/bin/cmake/bin/cmake" -E cmake_link_script CMakeFiles/cmTC_6eca4.dir/link.txt --verbose=1
/usr/local/Cellar/llvm/4.0.0_1/bin/clang++    -Wl,-search_paths_first -Wl,-headerpad_max_install_names   CMakeFiles/cmTC_6eca4.dir/CheckIncludeFile.cxx.o  -o cmTC_6eca4 


Determining if the pthread_create exist passed with the following output:
Change Dir: /Users/dy/nlp-cuda/cmake-build-release/CMakeFiles/CMakeTmp

Run Build Command:"/usr/bin/make" "cmTC_39098/fast"
/Applications/Xcode.app/Contents/Developer/usr/bin/make -f CMakeFiles/cmTC_39098.dir/build.make CMakeFiles/cmTC_39098.dir/build
Building CXX object CMakeFiles/cmTC_39098.dir/CheckSymbolExists.cxx.o
/usr/local/Cellar/llvm/4.0.0_1/bin/clang++     -o CMakeFiles/cmTC_39098.dir/CheckSymbolExists.cxx.o -c /Users/dy/nlp-cuda/cmake-build-release/CMakeFiles/CMakeTmp/CheckSymbolExists.cxx
Linking CXX executable cmTC_39098
"/Users/dy/Library/Application Support/JetBrains/Toolbox/apps/CLion/ch-0/173.3727.114/CLion.app/Contents/bin/cmake/bin/cmake" -E cmake_link_script CMakeFiles/cmTC_39098.dir/link.txt --verbose=1
/usr/local/Cellar/llvm/4.0.0_1/bin/clang++    -Wl,-search_paths_first -Wl,-headerpad_max_install_names   CMakeFiles/cmTC_39098.dir/CheckSymbolExists.cxx.o  -o cmTC_39098 

File /Users/dy/nlp-cuda/cmake-build-release/CMakeFiles/CMakeTmp/CheckSymbolExists.cxx:
/* */
#include <pthread.h>

int main(int argc, char** argv)
{
  (void)argv;
#ifndef pthread_create
  return ((int*)(&pthread_create))[argc];
#else
  (void)argc;
  return 0;
#endif
}

Determining if the function dgemm_ exists passed with the following output:
Change Dir: /Users/dy/nlp-cuda/cmake-build-release/CMakeFiles/CMakeTmp

Run Build Command:"/usr/bin/make" "cmTC_60d53/fast"
/Applications/Xcode.app/Contents/Developer/usr/bin/make -f CMakeFiles/cmTC_60d53.dir/build.make CMakeFiles/cmTC_60d53.dir/build
Building CXX object CMakeFiles/cmTC_60d53.dir/CheckFunctionExists.cxx.o
/usr/local/Cellar/llvm/4.0.0_1/bin/clang++    -DCHECK_FUNCTION_EXISTS=dgemm_   -o CMakeFiles/cmTC_60d53.dir/CheckFunctionExists.cxx.o -c /Users/dy/nlp-cuda/cmake-build-release/CMakeFiles/CheckFunctionExists/CheckFunctionExists.cxx
Linking CXX executable cmTC_60d53
"/Users/dy/Library/Application Support/JetBrains/Toolbox/apps/CLion/ch-0/173.3727.114/CLion.app/Contents/bin/cmake/bin/cmake" -E cmake_link_script CMakeFiles/cmTC_60d53.dir/link.txt --verbose=1
/usr/local/Cellar/llvm/4.0.0_1/bin/clang++   -DCHECK_FUNCTION_EXISTS=dgemm_ -Wl,-search_paths_first -Wl,-headerpad_max_install_names   CMakeFiles/cmTC_60d53.dir/CheckFunctionExists.cxx.o  -o cmTC_60d53 -framework Accelerate 


